Build started 3/9/2016 11:27:41 AM.
     1>Project "C:\Users\kevin.moore\Documents\Visual Studio 2015\Projects\MathLibrary\TestProject\TestProject.vcxproj" on node 2 (Build target(s)).
     1>ClCompile:
         C:\Program Files (x86)\Microsoft Visual Studio 14.0\VC\bin\CL.exe /c /I"C:\Users\kevin.moore\Documents\Visual Studio 2015\Projects\MathLibrary\Math Library\\" /ZI /nologo /W3 /WX- /sdl /Od /Oy- /D _MBCS /Gm /EHsc /RTC1 /MDd /GS /fp:precise /Zc:wchar_t /Zc:forScope /Zc:inline /Fo"Debug\\" /Fd"Debug\vc140.pdb" /Gd /TP /analyze- /errorReport:prompt "..\Math Library\RigidBody.cpp" "..\Math Library\transform.cpp" collider.cpp crenderutils.cpp main.cpp
         crenderutils.cpp
         collider.cpp
         transform.cpp
     1>c:\users\kevin.moore\documents\visual studio 2015\projects\mathlibrary\math library\transform.h(4): fatal error C1083: Cannot open include file: 'GCData.h': No such file or directory
         RigidBody.cpp
     1>c:\users\kevin.moore\documents\visual studio 2015\projects\mathlibrary\math library\rigidbody.h(3): fatal error C1083: Cannot open include file: 'GCData.h': No such file or directory
         Generating Code...
         Compiling...
         main.cpp
     1>c:\users\kevin.moore\documents\visual studio 2015\projects\mathlibrary\testproject\main.cpp(16): warning C4305: '=': truncation from 'double' to 'float'
     1>c:\users\kevin.moore\documents\visual studio 2015\projects\mathlibrary\testproject\main.cpp(17): warning C4305: '=': truncation from 'double' to 'float'
     1>c:\users\kevin.moore\documents\visual studio 2015\projects\mathlibrary\testproject\main.cpp(105): warning C4305: 'argument': truncation from 'double' to 'float'
     1>c:\users\kevin.moore\documents\visual studio 2015\projects\mathlibrary\testproject\main.cpp(160): warning C4305: 'argument': truncation from 'double' to 'float'
         Generating Code...
     1>Done Building Project "C:\Users\kevin.moore\Documents\Visual Studio 2015\Projects\MathLibrary\TestProject\TestProject.vcxproj" (Build target(s)) -- FAILED.

Build FAILED.

Time Elapsed 00:00:01.25
